2018-01-28 14:36:28.1408|INFO|Microsoft.EntityFrameworkCore.Database.Command|Executed DbCommand (3ms) [Parameters=[], CommandType='Text', CommandTimeout='30']
SELECT CASE
    WHEN EXISTS (
        SELECT 1
        FROM `ProductEntitys` AS `p`)
    THEN TRUE ELSE FALSE
END
2018-01-28 14:36:28.5464|INFO|Microsoft.EntityFrameworkCore.Infrastructure|Entity Framework Core 2.0.1-rtm-125 initialized 'MyContext' using provider 'Pomelo.EntityFrameworkCore.MySql' with options: None
2018-01-28 14:36:28.5464|INFO|Microsoft.EntityFrameworkCore.Database.Command|Executed DbCommand (0ms) [Parameters=[], CommandType='Text', CommandTimeout='30']
SELECT 1 FROM INFORMATION_SCHEMA.TABLES WHERE TABLE_SCHEMA='TestDb2' AND TABLE_NAME='__EFMigrationsHistory';
2018-01-28 14:36:28.5559|INFO|Microsoft.EntityFrameworkCore.Database.Command|Executed DbCommand (0ms) [Parameters=[], CommandType='Text', CommandTimeout='30']
SELECT 1 FROM INFORMATION_SCHEMA.TABLES WHERE TABLE_SCHEMA='TestDb2' AND TABLE_NAME='__EFMigrationsHistory';
2018-01-28 14:36:28.5559|INFO|Microsoft.EntityFrameworkCore.Database.Command|Executed DbCommand (0ms) [Parameters=[], CommandType='Text', CommandTimeout='30']
SELECT `MigrationId`, `ProductVersion`
FROM `__EFMigrationsHistory`
ORDER BY `MigrationId`;
2018-01-28 14:36:28.5559|INFO|Microsoft.EntityFrameworkCore.Migrations|No migrations were applied. The database is already up to date.
2018-01-28 14:37:00.9644|INFO|Microsoft.EntityFrameworkCore.Database.Command|Executed DbCommand (0ms) [Parameters=[], CommandType='Text', CommandTimeout='30']
SELECT CASE
    WHEN EXISTS (
        SELECT 1
        FROM `ProductEntitys` AS `p`)
    THEN TRUE ELSE FALSE
END
2018-01-28 14:37:01.3874|INFO|Microsoft.EntityFrameworkCore.Infrastructure|Entity Framework Core 2.0.1-rtm-125 initialized 'MyContext' using provider 'Pomelo.EntityFrameworkCore.MySql' with options: None
2018-01-28 14:37:01.3874|INFO|Microsoft.EntityFrameworkCore.Database.Command|Executed DbCommand (0ms) [Parameters=[], CommandType='Text', CommandTimeout='30']
SELECT 1 FROM INFORMATION_SCHEMA.TABLES WHERE TABLE_SCHEMA='TestDb2' AND TABLE_NAME='__EFMigrationsHistory';
2018-01-28 14:37:01.4003|INFO|Microsoft.EntityFrameworkCore.Database.Command|Executed DbCommand (0ms) [Parameters=[], CommandType='Text', CommandTimeout='30']
SELECT 1 FROM INFORMATION_SCHEMA.TABLES WHERE TABLE_SCHEMA='TestDb2' AND TABLE_NAME='__EFMigrationsHistory';
2018-01-28 14:37:01.4003|INFO|Microsoft.EntityFrameworkCore.Database.Command|Executed DbCommand (0ms) [Parameters=[], CommandType='Text', CommandTimeout='30']
SELECT `MigrationId`, `ProductVersion`
FROM `__EFMigrationsHistory`
ORDER BY `MigrationId`;
2018-01-28 14:37:01.4003|INFO|Microsoft.EntityFrameworkCore.Migrations|No migrations were applied. The database is already up to date.
2018-01-28 14:37:01.4003|INFO|Microsoft.EntityFrameworkCore.Database.Command|Executed DbCommand (0ms) [Parameters=[], CommandType='Text', CommandTimeout='30']
SELECT 1 FROM INFORMATION_SCHEMA.TABLES WHERE TABLE_SCHEMA='TestDb2' AND TABLE_NAME='__EFMigrationsHistory';
2018-01-28 14:37:01.4003|INFO|Microsoft.EntityFrameworkCore.Database.Command|Executed DbCommand (0ms) [Parameters=[], CommandType='Text', CommandTimeout='30']
SELECT 1 FROM INFORMATION_SCHEMA.TABLES WHERE TABLE_SCHEMA='TestDb2' AND TABLE_NAME='__EFMigrationsHistory';
2018-01-28 14:37:01.4003|INFO|Microsoft.EntityFrameworkCore.Database.Command|Executed DbCommand (0ms) [Parameters=[], CommandType='Text', CommandTimeout='30']
SELECT `MigrationId`, `ProductVersion`
FROM `__EFMigrationsHistory`
ORDER BY `MigrationId`;
2018-01-28 14:37:01.4003|INFO|Microsoft.EntityFrameworkCore.Migrations|No migrations were applied. The database is already up to date.
2018-01-28 16:36:49.5676|INFO|Microsoft.EntityFrameworkCore.Database.Command|Executed DbCommand (100ms) [Parameters=[], CommandType='Text', CommandTimeout='30']
SELECT CASE
    WHEN EXISTS (
        SELECT 1
        FROM `ProductEntitys` AS `p`)
    THEN TRUE ELSE FALSE
END
2018-01-28 16:36:49.9571|INFO|Microsoft.EntityFrameworkCore.Infrastructure|Entity Framework Core 2.0.1-rtm-125 initialized 'MyContext' using provider 'Pomelo.EntityFrameworkCore.MySql' with options: None
2018-01-28 16:36:49.9571|INFO|Microsoft.EntityFrameworkCore.Database.Command|Executed DbCommand (0ms) [Parameters=[], CommandType='Text', CommandTimeout='30']
SELECT 1 FROM INFORMATION_SCHEMA.TABLES WHERE TABLE_SCHEMA='TestDb2' AND TABLE_NAME='__EFMigrationsHistory';
2018-01-28 16:36:49.9571|INFO|Microsoft.EntityFrameworkCore.Database.Command|Executed DbCommand (0ms) [Parameters=[], CommandType='Text', CommandTimeout='30']
SELECT 1 FROM INFORMATION_SCHEMA.TABLES WHERE TABLE_SCHEMA='TestDb2' AND TABLE_NAME='__EFMigrationsHistory';
2018-01-28 16:36:49.9571|INFO|Microsoft.EntityFrameworkCore.Database.Command|Executed DbCommand (0ms) [Parameters=[], CommandType='Text', CommandTimeout='30']
SELECT `MigrationId`, `ProductVersion`
FROM `__EFMigrationsHistory`
ORDER BY `MigrationId`;
2018-01-28 16:36:49.9571|INFO|Microsoft.EntityFrameworkCore.Migrations|No migrations were applied. The database is already up to date.
2018-01-28 16:43:00.6410|INFO|Microsoft.EntityFrameworkCore.Database.Command|Executed DbCommand (0ms) [Parameters=[], CommandType='Text', CommandTimeout='30']
SELECT CASE
    WHEN EXISTS (
        SELECT 1
        FROM `ProductEntitys` AS `p`)
    THEN TRUE ELSE FALSE
END
2018-01-28 16:43:01.0064|INFO|Microsoft.EntityFrameworkCore.Infrastructure|Entity Framework Core 2.0.1-rtm-125 initialized 'MyContext' using provider 'Pomelo.EntityFrameworkCore.MySql' with options: None
2018-01-28 16:43:01.0064|INFO|Microsoft.EntityFrameworkCore.Database.Command|Executed DbCommand (0ms) [Parameters=[], CommandType='Text', CommandTimeout='30']
SELECT 1 FROM INFORMATION_SCHEMA.TABLES WHERE TABLE_SCHEMA='TestDb2' AND TABLE_NAME='__EFMigrationsHistory';
2018-01-28 16:43:01.0175|INFO|Microsoft.EntityFrameworkCore.Database.Command|Executed DbCommand (0ms) [Parameters=[], CommandType='Text', CommandTimeout='30']
SELECT 1 FROM INFORMATION_SCHEMA.TABLES WHERE TABLE_SCHEMA='TestDb2' AND TABLE_NAME='__EFMigrationsHistory';
2018-01-28 16:43:01.0175|INFO|Microsoft.EntityFrameworkCore.Database.Command|Executed DbCommand (0ms) [Parameters=[], CommandType='Text', CommandTimeout='30']
SELECT `MigrationId`, `ProductVersion`
FROM `__EFMigrationsHistory`
ORDER BY `MigrationId`;
2018-01-28 16:43:01.0175|INFO|Microsoft.EntityFrameworkCore.Migrations|No migrations were applied. The database is already up to date.
2018-01-28 16:43:01.0175|INFO|Microsoft.EntityFrameworkCore.Database.Command|Executed DbCommand (0ms) [Parameters=[], CommandType='Text', CommandTimeout='30']
SELECT 1 FROM INFORMATION_SCHEMA.TABLES WHERE TABLE_SCHEMA='TestDb2' AND TABLE_NAME='__EFMigrationsHistory';
2018-01-28 16:43:01.0175|INFO|Microsoft.EntityFrameworkCore.Database.Command|Executed DbCommand (0ms) [Parameters=[], CommandType='Text', CommandTimeout='30']
SELECT 1 FROM INFORMATION_SCHEMA.TABLES WHERE TABLE_SCHEMA='TestDb2' AND TABLE_NAME='__EFMigrationsHistory';
2018-01-28 16:43:01.0175|INFO|Microsoft.EntityFrameworkCore.Database.Command|Executed DbCommand (0ms) [Parameters=[], CommandType='Text', CommandTimeout='30']
SELECT `MigrationId`, `ProductVersion`
FROM `__EFMigrationsHistory`
ORDER BY `MigrationId`;
2018-01-28 16:43:01.0175|INFO|Microsoft.EntityFrameworkCore.Migrations|No migrations were applied. The database is already up to date.
